2025-08-11 18:45:40 INFO  TC_003_LoginDDT:25 - **** Starting TC_003_LoginDDT *****
2025-08-11 18:45:40 INFO  TC_003_LoginDDT:28 - Email: admin5@gmail.com
2025-08-11 18:45:40 INFO  TC_003_LoginDDT:29 - Passwordgowshik5656
2025-08-11 18:45:49 INFO  TC_003_LoginDDT:50 - Login successful
2025-08-11 18:45:49 INFO  TC_003_LoginDDT:52 - Logging out
2025-08-11 18:45:50 INFO  TC_003_LoginDDT:86 - **** Finished TC_003_LoginDDT *****
2025-08-11 18:45:51 INFO  TC_003_LoginDDT:25 - **** Starting TC_003_LoginDDT *****
2025-08-11 18:45:51 INFO  TC_003_LoginDDT:28 - Email: admin6@gmail.com
2025-08-11 18:45:51 INFO  TC_003_LoginDDT:29 - Passwordgowshik5656
2025-08-11 18:45:56 INFO  TC_003_LoginDDT:50 - Login successful
2025-08-11 18:45:56 INFO  TC_003_LoginDDT:52 - Logging out
2025-08-11 18:45:57 INFO  TC_003_LoginDDT:86 - **** Finished TC_003_LoginDDT *****
2025-08-11 18:45:57 INFO  TC_003_LoginDDT:25 - **** Starting TC_003_LoginDDT *****
2025-08-11 18:45:57 INFO  TC_003_LoginDDT:28 - Email: admin7@gmail.com
2025-08-11 18:45:57 INFO  TC_003_LoginDDT:29 - Passwordgowshik5656
2025-08-11 18:46:02 INFO  TC_003_LoginDDT:50 - Login successful
2025-08-11 18:46:02 INFO  TC_003_LoginDDT:52 - Logging out
2025-08-11 18:46:02 INFO  TC_003_LoginDDT:86 - **** Finished TC_003_LoginDDT *****
2025-08-11 18:46:02 INFO  TC_003_LoginDDT:25 - **** Starting TC_003_LoginDDT *****
2025-08-11 18:46:02 INFO  TC_003_LoginDDT:28 - Email: admin8@gmail.com
2025-08-11 18:46:02 INFO  TC_003_LoginDDT:29 - Passwordgowshik5656
2025-08-11 18:46:07 INFO  TC_003_LoginDDT:50 - Login successful
2025-08-11 18:46:08 INFO  TC_003_LoginDDT:52 - Logging out
2025-08-11 18:46:08 INFO  TC_003_LoginDDT:86 - **** Finished TC_003_LoginDDT *****
2025-08-11 18:58:29 INFO  TC_003_LoginDDT:25 - **** Starting TC_003_LoginDDT *****
2025-08-11 18:58:29 INFO  TC_003_LoginDDT:28 - Email: admin5@gmail.com
2025-08-11 18:58:29 INFO  TC_003_LoginDDT:29 - Passwordgowshik5656
2025-08-11 18:58:36 INFO  TC_003_LoginDDT:50 - Login successful
2025-08-11 18:58:36 INFO  TC_003_LoginDDT:52 - Logging out
2025-08-11 18:58:37 INFO  TC_003_LoginDDT:86 - **** Finished TC_003_LoginDDT *****
2025-08-11 18:58:37 INFO  TC_003_LoginDDT:25 - **** Starting TC_003_LoginDDT *****
2025-08-11 18:58:37 INFO  TC_003_LoginDDT:28 - Email: admin6@gmail.com
2025-08-11 18:58:37 INFO  TC_003_LoginDDT:29 - Passwordgowshik5656
2025-08-11 18:58:42 INFO  TC_003_LoginDDT:50 - Login successful
2025-08-11 18:58:42 INFO  TC_003_LoginDDT:52 - Logging out
2025-08-11 18:58:43 INFO  TC_003_LoginDDT:86 - **** Finished TC_003_LoginDDT *****
2025-08-11 18:58:43 INFO  TC_003_LoginDDT:25 - **** Starting TC_003_LoginDDT *****
2025-08-11 18:58:43 INFO  TC_003_LoginDDT:28 - Email: admin7@gmail.com
2025-08-11 18:58:43 INFO  TC_003_LoginDDT:29 - Passwordgowshik5656
2025-08-11 18:58:47 INFO  TC_003_LoginDDT:50 - Login successful
2025-08-11 18:58:48 INFO  TC_003_LoginDDT:52 - Logging out
2025-08-11 18:58:48 INFO  TC_003_LoginDDT:86 - **** Finished TC_003_LoginDDT *****
2025-08-11 18:58:48 INFO  TC_003_LoginDDT:25 - **** Starting TC_003_LoginDDT *****
2025-08-11 18:58:48 INFO  TC_003_LoginDDT:28 - Email: admin8@gmail.com
2025-08-11 18:58:48 INFO  TC_003_LoginDDT:29 - Passwordgowshik5656
2025-08-11 18:58:53 INFO  TC_003_LoginDDT:50 - Login successful
2025-08-11 18:58:53 INFO  TC_003_LoginDDT:52 - Logging out
2025-08-11 18:58:53 INFO  TC_003_LoginDDT:86 - **** Finished TC_003_LoginDDT *****
